<?xml version="1.0" encoding="UTF-8"?>
<!-- Generated by org.testng.reporters.JUnitReportReporter -->
<testsuite hostname="AkshayKumbhar" failures="0" tests="4" name="testpackage.TestNg" time="223.872" errors="0" timestamp="2022-10-27T17:49:06 IST" skipped="0">
  <testcase classname="testpackage.TestNg" name="returntomessenger" time="7.101"/>
  <system-out/>
  <testcase classname="testpackage.TestNg" name="visittohelpcenter" time="32.156"/>
  <system-out/>
  <testcase classname="testpackage.TestNg" name="returntomessenger" time="122.844"/>
  <system-out/>
  <testcase classname="testpackage.TestNg" name="visittohelpcenter" time="61.771"/>
  <system-out/>
</testsuite> <!-- testpackage.TestNg -->
