<?xml version="1.0" encoding="UTF-8"?>
<!-- Generated by org.testng.reporters.JUnitReportReporter -->
<testsuite hostname="AkshayKumbhar" failures="0" tests="4" name="testpackage.Test1" time="238.985" errors="0" timestamp="2022-10-27T17:49:06 IST" skipped="0">
  <testcase classname="testpackage.Test1" name="visittohelpcenter1" time="8.839"/>
  <system-out/>
  <testcase classname="testpackage.Test1" name="returntomessenger1" time="113.167"/>
  <system-out/>
  <testcase classname="testpackage.Test1" name="returntomessenger1" time="35.399"/>
  <system-out/>
  <testcase classname="testpackage.Test1" name="visittohelpcenter1" time="81.580"/>
  <system-out/>
</testsuite> <!-- testpackage.Test1 -->
